<?xml version="1.0" encoding="UTF-8"?>
<robot generator="Robot 3.2.2 (Python 3.9.0 on win32)" generated="20210311 17:05:24.264" rpa="false">
<suite id="s1" name="Tc1 Functionalities" source="C:\Users\Shivani Desai\PycharmProjects\restapi-testing\api-testing\tc1_functionalities.robot">
<test id="s1-t1" name="AddCustomer">
<kw name="Create Session" library="RequestsLibrary">
<doc>Create Session: create a HTTP session to a server</doc>
<arguments>
<arg>mysession</arg>
<arg>https://reqres.in/api</arg>
<arg>verify=True</arg>
</arguments>
<msg timestamp="20210311 17:05:24.370" level="INFO">Creating Session using : alias=mysession, url=https://reqres.in/api, headers={},                     cookies={}, auth=None, timeout=None, proxies=None, verify=True,                     debug=0 </msg>
<status status="PASS" starttime="20210311 17:05:24.370" endtime="20210311 17:05:24.378"></status>
</kw>
<kw name="Create Dictionary" library="BuiltIn">
<doc>Creates and returns a dictionary based on the given ``items``.</doc>
<arguments>
<arg>email=eve.holt@reqres.in</arg>
<arg>password=pistol</arg>
</arguments>
<assign>
<var>${body}</var>
</assign>
<msg timestamp="20210311 17:05:24.378" level="INFO">${body} = {'email': 'eve.holt@reqres.in', 'password': 'pistol'}</msg>
<status status="PASS" starttime="20210311 17:05:24.378" endtime="20210311 17:05:24.378"></status>
</kw>
<kw name="Create Dictionary" library="BuiltIn">
<doc>Creates and returns a dictionary based on the given ``items``.</doc>
<arguments>
<arg>Content-Type=application/json</arg>
</arguments>
<assign>
<var>${header}</var>
</assign>
<msg timestamp="20210311 17:05:24.380" level="INFO">${header} = {'Content-Type': 'application/json'}</msg>
<status status="PASS" starttime="20210311 17:05:24.380" endtime="20210311 17:05:24.380"></status>
</kw>
<kw name="Post Request" library="RequestsLibrary">
<doc>Send a POST request on the session object found using the
given `alias`</doc>
<arguments>
<arg>mysession</arg>
<arg>/register</arg>
<arg>data=${body}</arg>
<arg>headers=${header}</arg>
</arguments>
<assign>
<var>${response}</var>
</assign>
<msg timestamp="20210311 17:05:25.280" level="INFO">POST Request : url=https://reqres.in/api/register 
 path_url=/api/register 
 headers={'User-Agent': 'python-requests/2.25.1', 'Accept-Encoding': 'gzip, deflate', 'Accept': '*/*', 'Connection': 'keep-alive', 'Content-Type': 'application/json', 'Content-Length': '53'} 
 body={"email": "eve.holt@reqres.in", "password": "pistol"} 
 </msg>
<msg timestamp="20210311 17:05:25.280" level="INFO">POST Response : url=https://reqres.in/api/register 
 status=200, reason=OK 
 body={"id":4,"token":"QpwL5tke4Pnpja7X4"} 
 </msg>
<msg timestamp="20210311 17:05:25.280" level="INFO">${response} = &lt;Response [200]&gt;</msg>
<status status="PASS" starttime="20210311 17:05:24.380" endtime="20210311 17:05:25.280"></status>
</kw>
<kw name="Log To Console" library="BuiltIn">
<doc>Logs the given message to the console.</doc>
<arguments>
<arg>${response.status_code}</arg>
</arguments>
<status status="PASS" starttime="20210311 17:05:25.288" endtime="20210311 17:05:25.288"></status>
</kw>
<kw name="Log To Console" library="BuiltIn">
<doc>Logs the given message to the console.</doc>
<arguments>
<arg>${response.content}</arg>
</arguments>
<status status="PASS" starttime="20210311 17:05:25.288" endtime="20210311 17:05:25.288"></status>
</kw>
<kw name="Convert To String" library="BuiltIn">
<doc>Converts the given item to a Unicode string.</doc>
<arguments>
<arg>${response.content}</arg>
</arguments>
<assign>
<var>${response_body}</var>
</assign>
<msg timestamp="20210311 17:05:25.288" level="INFO">${response_body} = {"id":4,"token":"QpwL5tke4Pnpja7X4"}</msg>
<status status="PASS" starttime="20210311 17:05:25.288" endtime="20210311 17:05:25.288"></status>
</kw>
<kw name="Should Be Equal" library="BuiltIn">
<doc>Fails if the given objects are unequal.</doc>
<arguments>
<arg>${response_body}</arg>
<arg>{"id":4,"token":"QpwL5tke4Pnpja7X4"}</arg>
</arguments>
<status status="PASS" starttime="20210311 17:05:25.288" endtime="20210311 17:05:25.288"></status>
</kw>
<status status="PASS" starttime="20210311 17:05:24.370" endtime="20210311 17:05:25.288" critical="yes"></status>
</test>
<test id="s1-t2" name="LogintoAccount">
<kw name="Create Session" library="RequestsLibrary">
<doc>Create Session: create a HTTP session to a server</doc>
<arguments>
<arg>mynewsession</arg>
<arg>https://reqres.in/api</arg>
<arg>verify=True</arg>
</arguments>
<msg timestamp="20210311 17:05:25.296" level="INFO">Creating Session using : alias=mynewsession, url=https://reqres.in/api, headers={},                     cookies={}, auth=None, timeout=None, proxies=None, verify=True,                     debug=0 </msg>
<status status="PASS" starttime="20210311 17:05:25.296" endtime="20210311 17:05:25.296"></status>
</kw>
<kw name="Create Dictionary" library="BuiltIn">
<doc>Creates and returns a dictionary based on the given ``items``.</doc>
<arguments>
<arg>email=eve.holt@reqres.in</arg>
<arg>password=cityslicka</arg>
</arguments>
<assign>
<var>${body_for_login}</var>
</assign>
<msg timestamp="20210311 17:05:25.296" level="INFO">${body_for_login} = {'email': 'eve.holt@reqres.in', 'password': 'cityslicka'}</msg>
<status status="PASS" starttime="20210311 17:05:25.296" endtime="20210311 17:05:25.296"></status>
</kw>
<kw name="Create Dictionary" library="BuiltIn">
<doc>Creates and returns a dictionary based on the given ``items``.</doc>
<arguments>
<arg>Authorization=${token}</arg>
<arg>Content-Type=application/json</arg>
</arguments>
<assign>
<var>${header_auth}</var>
</assign>
<msg timestamp="20210311 17:05:25.296" level="INFO">${header_auth} = {'Authorization': 'QpwL5tke4Pnpja7X4', 'Content-Type': 'application/json'}</msg>
<status status="PASS" starttime="20210311 17:05:25.296" endtime="20210311 17:05:25.296"></status>
</kw>
<kw name="Post Request" library="RequestsLibrary">
<doc>Send a POST request on the session object found using the
given `alias`</doc>
<arguments>
<arg>mynewsession</arg>
<arg>/login</arg>
<arg>data=${body_for_login}</arg>
<arg>headers=${header_auth}</arg>
</arguments>
<assign>
<var>${response_body_login}</var>
</assign>
<msg timestamp="20210311 17:05:26.289" level="INFO">POST Request : url=https://reqres.in/api/login 
 path_url=/api/login 
 headers={'User-Agent': 'python-requests/2.25.1', 'Accept-Encoding': 'gzip, deflate', 'Accept': '*/*', 'Connection': 'keep-alive', 'Authorization': 'QpwL5tke4Pnpja7X4', 'Content-Type': 'application/json', 'Content-Length': '57'} 
 body={"email": "eve.holt@reqres.in", "password": "cityslicka"} 
 </msg>
<msg timestamp="20210311 17:05:26.289" level="INFO">POST Response : url=https://reqres.in/api/login 
 status=200, reason=OK 
 body={"token":"QpwL5tke4Pnpja7X4"} 
 </msg>
<msg timestamp="20210311 17:05:26.289" level="INFO">${response_body_login} = &lt;Response [200]&gt;</msg>
<status status="PASS" starttime="20210311 17:05:25.296" endtime="20210311 17:05:26.289"></status>
</kw>
<kw name="Log To Console" library="BuiltIn">
<doc>Logs the given message to the console.</doc>
<arguments>
<arg>${response_body_login.status_code}</arg>
</arguments>
<status status="PASS" starttime="20210311 17:05:26.293" endtime="20210311 17:05:26.293"></status>
</kw>
<kw name="Convert To String" library="BuiltIn">
<doc>Converts the given item to a Unicode string.</doc>
<arguments>
<arg>${response_body_login.content}</arg>
</arguments>
<assign>
<var>${response_login}</var>
</assign>
<msg timestamp="20210311 17:05:26.293" level="INFO">${response_login} = {"token":"QpwL5tke4Pnpja7X4"}</msg>
<status status="PASS" starttime="20210311 17:05:26.293" endtime="20210311 17:05:26.293"></status>
</kw>
<kw name="Should Be Equal" library="BuiltIn">
<doc>Fails if the given objects are unequal.</doc>
<arguments>
<arg>${response_login}</arg>
<arg>{"token":"QpwL5tke4Pnpja7X4"}</arg>
</arguments>
<status status="PASS" starttime="20210311 17:05:26.293" endtime="20210311 17:05:26.293"></status>
</kw>
<status status="PASS" starttime="20210311 17:05:25.296" endtime="20210311 17:05:26.293" critical="yes"></status>
</test>
<test id="s1-t3" name="DeleteUser">
<kw name="Create Session" library="RequestsLibrary">
<doc>Create Session: create a HTTP session to a server</doc>
<arguments>
<arg>mylastsession</arg>
<arg>https://reqres.in/api</arg>
<arg>verify=True</arg>
</arguments>
<msg timestamp="20210311 17:05:26.301" level="INFO">Creating Session using : alias=mylastsession, url=https://reqres.in/api, headers={},                     cookies={}, auth=None, timeout=None, proxies=None, verify=True,                     debug=0 </msg>
<status status="PASS" starttime="20210311 17:05:26.293" endtime="20210311 17:05:26.301"></status>
</kw>
<kw name="Delete Request" library="RequestsLibrary">
<doc>Send a DELETE request on the session object found using the
given `alias`</doc>
<arguments>
<arg>mylastsession</arg>
<arg>/users/2</arg>
</arguments>
<assign>
<var>${delete_response}</var>
</assign>
<msg timestamp="20210311 17:05:27.221" level="INFO">DELETE Request : url=https://reqres.in/api/users/2 
 path_url=/api/users/2 
 headers={'User-Agent': 'python-requests/2.25.1', 'Accept-Encoding': 'gzip, deflate', 'Accept': '*/*', 'Connection': 'keep-alive', 'Content-Length': '0'} 
 body=None 
 </msg>
<msg timestamp="20210311 17:05:27.221" level="INFO">DELETE Response : url=https://reqres.in/api/users/2 
 status=204, reason=No Content 
 body=None 
 </msg>
<msg timestamp="20210311 17:05:27.221" level="INFO">${delete_response} = &lt;Response [204]&gt;</msg>
<status status="PASS" starttime="20210311 17:05:26.301" endtime="20210311 17:05:27.221"></status>
</kw>
<kw name="Convert To String" library="BuiltIn">
<doc>Converts the given item to a Unicode string.</doc>
<arguments>
<arg>${delete_response.status_code}</arg>
</arguments>
<assign>
<var>${final_delete_response}</var>
</assign>
<msg timestamp="20210311 17:05:27.221" level="INFO">${final_delete_response} = 204</msg>
<status status="PASS" starttime="20210311 17:05:27.221" endtime="20210311 17:05:27.221"></status>
</kw>
<kw name="Should Be Equal" library="BuiltIn">
<doc>Fails if the given objects are unequal.</doc>
<arguments>
<arg>${final_delete_response}</arg>
<arg>204</arg>
</arguments>
<status status="PASS" starttime="20210311 17:05:27.221" endtime="20210311 17:05:27.221"></status>
</kw>
<status status="PASS" starttime="20210311 17:05:26.293" endtime="20210311 17:05:27.229" critical="yes"></status>
</test>
<status status="PASS" starttime="20210311 17:05:24.272" endtime="20210311 17:05:27.229"></status>
</suite>
<statistics>
<total>
<stat pass="3" fail="0">Critical Tests</stat>
<stat pass="3" fail="0">All Tests</stat>
</total>
<tag>
</tag>
<suite>
<stat pass="3" fail="0" id="s1" name="Tc1 Functionalities">Tc1 Functionalities</stat>
</suite>
</statistics>
<errors>
</errors>
</robot>
